  [1m[35m (428.7ms)[0m  [1m[35mCREATE DATABASE "domain-mock-tech-test_development" ENCODING = 'unicode'[0m
  ↳ bin/rails:4
  [1m[35m (395.5ms)[0m  [1m[35mCREATE DATABASE "domain-mock-tech-test_test" ENCODING = 'unicode'[0m
  ↳ bin/rails:4
  [1m[35m (28.6ms)[0m  [1m[35mCREATE TABLE "schema_migrations" ("version" character varying NOT NULL PRIMARY KEY)[0m
  ↳ bin/rails:4
  [1m[35m (6.5ms)[0m  [1m[35mCREATE TABLE "ar_internal_metadata" ("key" character varying NOT NULL PRIMARY KEY, "value" character varying, "created_at" timestamp NOT NULL, "updated_at" timestamp NOT NULL)[0m
  ↳ bin/rails:4
  [1m[35m (1.6ms)[0m  [1m[34mSELECT pg_try_advisory_lock(1814774656776613980)[0m
  ↳ bin/rails:4
  [1m[35m (1.0ms)[0m  [1m[34mSELECT "schema_migrations"."version" FROM "schema_migrations" ORDER BY "schema_migrations"."version" ASC[0m
  ↳ bin/rails:4
Migrating to CreateEmployees (20181215032010)
  [1m[35m (5.2ms)[0m  [1m[35mBEGIN[0m
  ↳ bin/rails:4
  [1m[35m (0.8ms)[0m  [1m[31mROLLBACK[0m
  ↳ bin/rails:4
  [1m[35m (0.3ms)[0m  [1m[34mSELECT pg_advisory_unlock(1814774656776613980)[0m
  ↳ bin/rails:4
  [1m[35m (0.2ms)[0m  [1m[34mSELECT pg_try_advisory_lock(1814774656776613980)[0m
  ↳ bin/rails:4
  [1m[35m (1.0ms)[0m  [1m[34mSELECT "schema_migrations"."version" FROM "schema_migrations" ORDER BY "schema_migrations"."version" ASC[0m
  ↳ bin/rails:4
Migrating to CreateEmployees (20181215032010)
  [1m[35m (0.2ms)[0m  [1m[35mBEGIN[0m
  ↳ bin/rails:4
  [1m[35m (0.2ms)[0m  [1m[31mROLLBACK[0m
  ↳ bin/rails:4
  [1m[35m (0.3ms)[0m  [1m[34mSELECT pg_advisory_unlock(1814774656776613980)[0m
  ↳ bin/rails:4
  [1m[35m (0.2ms)[0m  [1m[34mSELECT pg_try_advisory_lock(1814774656776613980)[0m
  ↳ bin/rails:4
  [1m[35m (0.7ms)[0m  [1m[34mSELECT "schema_migrations"."version" FROM "schema_migrations" ORDER BY "schema_migrations"."version" ASC[0m
  ↳ bin/rails:4
Migrating to CreateEmployees (20181215032010)
  [1m[35m (0.2ms)[0m  [1m[35mBEGIN[0m
  ↳ bin/rails:4
  [1m[35m (8.5ms)[0m  [1m[35mCREATE TABLE "employees" ("id" bigserial primary key, "first_name" character varying, "last_name" character varying, "job_title" character varying, "salary" double, "notes" text, "created_at" timestamp NOT NULL, "updated_at" timestamp NOT NULL)[0m
  ↳ db/migrate/20181215032010_create_employees.rb:3
  [1m[35m (0.2ms)[0m  [1m[31mROLLBACK[0m
  ↳ bin/rails:4
  [1m[35m (0.3ms)[0m  [1m[34mSELECT pg_advisory_unlock(1814774656776613980)[0m
  ↳ bin/rails:4
  [1m[35m (0.2ms)[0m  [1m[34mSELECT pg_try_advisory_lock(1814774656776613980)[0m
  ↳ bin/rails:4
  [1m[35m (0.8ms)[0m  [1m[34mSELECT "schema_migrations"."version" FROM "schema_migrations" ORDER BY "schema_migrations"."version" ASC[0m
  ↳ bin/rails:4
Migrating to CreateEmployees (20181215032010)
  [1m[35m (0.2ms)[0m  [1m[35mBEGIN[0m
  ↳ bin/rails:4
  [1m[35m (22.1ms)[0m  [1m[35mCREATE TABLE "employees" ("id" bigserial primary key, "first_name" character varying, "last_name" character varying, "job_title" character varying, "salary" double precision, "notes" text, "created_at" timestamp NOT NULL, "updated_at" timestamp NOT NULL)[0m
  ↳ db/migrate/20181215032010_create_employees.rb:3
  [1m[36mActiveRecord::SchemaMigration Create (4.7ms)[0m  [1m[32mINSERT INTO "schema_migrations" ("version") VALUES ($1) RETURNING "version"[0m  [["version", "20181215032010"]]
  ↳ bin/rails:4
  [1m[35m (0.5ms)[0m  [1m[35mCOMMIT[0m
  ↳ bin/rails:4
  [1m[36mActiveRecord::InternalMetadata Load (1.1ms)[0m  [1m[34mSELECT  "ar_internal_metadata".* FROM "ar_internal_metadata" WHERE "ar_internal_metadata"."key" = $1 LIMIT $2[0m  [["key", "environment"], ["LIMIT", 1]]
  ↳ bin/rails:4
  [1m[35m (0.8ms)[0m  [1m[35mBEGIN[0m
  ↳ bin/rails:4
  [1m[36mActiveRecord::InternalMetadata Create (2.5ms)[0m  [1m[32mINSERT INTO "ar_internal_metadata" ("key", "value", "created_at", "updated_at") VALUES ($1, $2, $3, $4) RETURNING "key"[0m  [["key", "environment"], ["value", "development"], ["created_at", "2018-12-15 03:30:05.451954"], ["updated_at", "2018-12-15 03:30:05.451954"]]
  ↳ bin/rails:4
  [1m[35m (0.5ms)[0m  [1m[35mCOMMIT[0m
  ↳ bin/rails:4
  [1m[35m (0.2ms)[0m  [1m[34mSELECT pg_advisory_unlock(1814774656776613980)[0m
  ↳ bin/rails:4
  [1m[35m (0.6ms)[0m  [1m[34mSELECT "schema_migrations"."version" FROM "schema_migrations" ORDER BY "schema_migrations"."version" ASC[0m
  ↳ bin/rails:4
  [1m[36mEmployee Load (1.1ms)[0m  [1m[34mSELECT "employees".* FROM "employees"[0m
  [1m[35m (0.9ms)[0m  [1m[34mSELECT "schema_migrations"."version" FROM "schema_migrations" ORDER BY "schema_migrations"."version" ASC[0m
  ↳ bin/rails:4
  [1m[36mEmployee Load (0.6ms)[0m  [1m[34mSELECT "employees".* FROM "employees"[0m
  ↳ db/seeds.rb:10
  [1m[35m (0.9ms)[0m  [1m[34mSELECT "schema_migrations"."version" FROM "schema_migrations" ORDER BY "schema_migrations"."version" ASC[0m
  ↳ bin/rails:4
  [1m[36mEmployee Load (0.6ms)[0m  [1m[34mSELECT "employees".* FROM "employees"[0m
  ↳ db/seeds.rb:10
  [1m[35m (0.2ms)[0m  [1m[35mBEGIN[0m
  ↳ db/seeds.rb:15
  [1m[36mEmployee Create (6.9ms)[0m  [1m[32mINSERT INTO "employees" ("first_name", "last_name", "job_title", "salary", "notes", "created_at", "updated_at") VALUES ($1, $2, $3, $4, $5, $6, $7) RETURNING "id"[0m  [["first_name", "Jonathan"], ["last_name", "Odlum"], ["job_title", "Junior Web Developer"], ["salary", 69999.99], ["notes", "best employee ever, should get a raise."], ["created_at", "2018-12-15 03:38:06.026757"], ["updated_at", "2018-12-15 03:38:06.026757"]]
  ↳ db/seeds.rb:15
  [1m[35m (0.5ms)[0m  [1m[35mCOMMIT[0m
  ↳ db/seeds.rb:15
  [1m[36mEmployee Load (0.4ms)[0m  [1m[34mSELECT  "employees".* FROM "employees" ORDER BY "employees"."id" ASC LIMIT $1[0m  [["LIMIT", 1]]
  [1m[35m (1.6ms)[0m  [1m[34mSELECT "schema_migrations"."version" FROM "schema_migrations" ORDER BY "schema_migrations"."version" ASC[0m
  ↳ bin/rails:4
  [1m[36mEmployee Load (5.9ms)[0m  [1m[34mSELECT "employees".* FROM "employees"[0m
  ↳ db/seeds.rb:10
  [1m[35m (5.6ms)[0m  [1m[35mBEGIN[0m
  ↳ db/seeds.rb:10
  [1m[36mEmployee Destroy (8.5ms)[0m  [1m[31mDELETE FROM "employees" WHERE "employees"."id" = $1[0m  [["id", 1]]
  ↳ db/seeds.rb:10
  [1m[35m (1.1ms)[0m  [1m[35mCOMMIT[0m
  ↳ db/seeds.rb:10
  [1m[35m (0.2ms)[0m  [1m[35mBEGIN[0m
  ↳ db/seeds.rb:15
  [1m[36mEmployee Create (3.1ms)[0m  [1m[32mINSERT INTO "employees" ("first_name", "last_name", "job_title", "salary", "notes", "created_at", "updated_at") VALUES ($1, $2, $3, $4, $5, $6, $7) RETURNING "id"[0m  [["first_name", "Jonathan"], ["last_name", "Odlum"], ["job_title", "Junior Web Developer"], ["salary", 69999.99], ["notes", "best employee ever, should get a raise."], ["created_at", "2018-12-17 02:05:39.127456"], ["updated_at", "2018-12-17 02:05:39.127456"]]
  ↳ db/seeds.rb:15
  [1m[35m (0.3ms)[0m  [1m[35mCOMMIT[0m
  ↳ db/seeds.rb:15
  [1m[35m (0.1ms)[0m  [1m[35mBEGIN[0m
  ↳ db/seeds.rb:16
  [1m[36mEmployee Create (0.4ms)[0m  [1m[32mINSERT INTO "employees" ("first_name", "last_name", "job_title", "salary", "notes", "created_at", "updated_at") VALUES ($1, $2, $3, $4, $5, $6, $7) RETURNING "id"[0m  [["first_name", "Frank"], ["last_name", "Sinatra"], ["job_title", "Bard"], ["salary", 70000.0], ["notes", "Should always be paid more than Jonathan."], ["created_at", "2018-12-17 02:05:39.132946"], ["updated_at", "2018-12-17 02:05:39.132946"]]
  ↳ db/seeds.rb:16
  [1m[35m (0.3ms)[0m  [1m[35mCOMMIT[0m
  ↳ db/seeds.rb:16
  [1m[35m (0.1ms)[0m  [1m[35mBEGIN[0m
  ↳ db/seeds.rb:17
  [1m[36mEmployee Create (0.3ms)[0m  [1m[32mINSERT INTO "employees" ("first_name", "last_name", "job_title", "salary", "notes", "created_at", "updated_at") VALUES ($1, $2, $3, $4, $5, $6, $7) RETURNING "id"[0m  [["first_name", "Johnathan"], ["last_name", "Hearn"], ["job_title", "Schoolyard Bully"], ["salary", 50.0], ["notes", "Favourite tactic: windmill arms"], ["created_at", "2018-12-17 02:05:39.135146"], ["updated_at", "2018-12-17 02:05:39.135146"]]
  ↳ db/seeds.rb:17
  [1m[35m (0.3ms)[0m  [1m[35mCOMMIT[0m
  ↳ db/seeds.rb:17
  [1m[35m (0.1ms)[0m  [1m[35mBEGIN[0m
  ↳ db/seeds.rb:18
  [1m[36mEmployee Create (0.5ms)[0m  [1m[32mINSERT INTO "employees" ("first_name", "last_name", "job_title", "salary", "notes", "created_at", "updated_at") VALUES ($1, $2, $3, $4, $5, $6, $7) RETURNING "id"[0m  [["first_name", "Michael"], ["last_name", "Cincinato"], ["job_title", "Manager"], ["salary", 10000.0], ["notes", "Steals friends and poor attitude to work."], ["created_at", "2018-12-17 02:05:39.137224"], ["updated_at", "2018-12-17 02:05:39.137224"]]
  ↳ db/seeds.rb:18
  [1m[35m (0.6ms)[0m  [1m[35mCOMMIT[0m
  ↳ db/seeds.rb:18
  [1m[36mEmployee Load (7.4ms)[0m  [1m[34mSELECT "employees".* FROM "employees"[0m
  [1m[35m (0.9ms)[0m  [1m[34mSELECT "schema_migrations"."version" FROM "schema_migrations" ORDER BY "schema_migrations"."version" ASC[0m
  ↳ bin/rails:4
  [1m[36mEmployee Load (0.7ms)[0m  [1m[34mSELECT "employees".* FROM "employees"[0m
  ↳ db/seeds.rb:10
  [1m[35m (0.2ms)[0m  [1m[35mBEGIN[0m
  ↳ db/seeds.rb:10
  [1m[36mEmployee Destroy (0.6ms)[0m  [1m[31mDELETE FROM "employees" WHERE "employees"."id" = $1[0m  [["id", 2]]
  ↳ db/seeds.rb:10
  [1m[35m (4.5ms)[0m  [1m[35mCOMMIT[0m
  ↳ db/seeds.rb:10
  [1m[35m (0.3ms)[0m  [1m[35mBEGIN[0m
  ↳ db/seeds.rb:10
  [1m[36mEmployee Destroy (0.4ms)[0m  [1m[31mDELETE FROM "employees" WHERE "employees"."id" = $1[0m  [["id", 3]]
  ↳ db/seeds.rb:10
  [1m[35m (0.5ms)[0m  [1m[35mCOMMIT[0m
  ↳ db/seeds.rb:10
  [1m[35m (0.1ms)[0m  [1m[35mBEGIN[0m
  ↳ db/seeds.rb:10
  [1m[36mEmployee Destroy (0.3ms)[0m  [1m[31mDELETE FROM "employees" WHERE "employees"."id" = $1[0m  [["id", 4]]
  ↳ db/seeds.rb:10
  [1m[35m (0.4ms)[0m  [1m[35mCOMMIT[0m
  ↳ db/seeds.rb:10
  [1m[35m (0.2ms)[0m  [1m[35mBEGIN[0m
  ↳ db/seeds.rb:10
  [1m[36mEmployee Destroy (0.3ms)[0m  [1m[31mDELETE FROM "employees" WHERE "employees"."id" = $1[0m  [["id", 5]]
  ↳ db/seeds.rb:10
  [1m[35m (0.4ms)[0m  [1m[35mCOMMIT[0m
  ↳ db/seeds.rb:10
  [1m[35m (0.1ms)[0m  [1m[35mBEGIN[0m
  ↳ db/seeds.rb:15
  [1m[36mEmployee Create (0.5ms)[0m  [1m[32mINSERT INTO "employees" ("first_name", "last_name", "job_title", "salary", "notes", "created_at", "updated_at") VALUES ($1, $2, $3, $4, $5, $6, $7) RETURNING "id"[0m  [["first_name", "Jonathan"], ["last_name", "Odlum"], ["job_title", "Junior Web Developer"], ["salary", 69999.99], ["notes", "best employee ever, should get a raise."], ["created_at", "2018-12-17 02:06:31.137400"], ["updated_at", "2018-12-17 02:06:31.137400"]]
  ↳ db/seeds.rb:15
  [1m[35m (0.4ms)[0m  [1m[35mCOMMIT[0m
  ↳ db/seeds.rb:15
  [1m[35m (0.1ms)[0m  [1m[35mBEGIN[0m
  ↳ db/seeds.rb:16
  [1m[36mEmployee Create (0.3ms)[0m  [1m[32mINSERT INTO "employees" ("first_name", "last_name", "job_title", "salary", "notes", "created_at", "updated_at") VALUES ($1, $2, $3, $4, $5, $6, $7) RETURNING "id"[0m  [["first_name", "Frank"], ["last_name", "Sinatra"], ["job_title", "Bard"], ["salary", 70000.0], ["notes", "Should always be paid more than Jonathan."], ["created_at", "2018-12-17 02:06:31.140398"], ["updated_at", "2018-12-17 02:06:31.140398"]]
  ↳ db/seeds.rb:16
  [1m[35m (5.5ms)[0m  [1m[35mCOMMIT[0m
  ↳ db/seeds.rb:16
  [1m[35m (0.1ms)[0m  [1m[35mBEGIN[0m
  ↳ db/seeds.rb:17
  [1m[36mEmployee Create (0.3ms)[0m  [1m[32mINSERT INTO "employees" ("first_name", "last_name", "job_title", "salary", "notes", "created_at", "updated_at") VALUES ($1, $2, $3, $4, $5, $6, $7) RETURNING "id"[0m  [["first_name", "Johnathan"], ["last_name", "Hearn"], ["job_title", "Schoolyard Bully"], ["salary", 50.0], ["notes", "Favourite tactic: windmill arms"], ["created_at", "2018-12-17 02:06:31.148124"], ["updated_at", "2018-12-17 02:06:31.148124"]]
  ↳ db/seeds.rb:17
  [1m[35m (0.4ms)[0m  [1m[35mCOMMIT[0m
  ↳ db/seeds.rb:17
  [1m[35m (0.1ms)[0m  [1m[35mBEGIN[0m
  ↳ db/seeds.rb:18
  [1m[36mEmployee Create (0.3ms)[0m  [1m[32mINSERT INTO "employees" ("first_name", "last_name", "job_title", "salary", "notes", "created_at", "updated_at") VALUES ($1, $2, $3, $4, $5, $6, $7) RETURNING "id"[0m  [["first_name", "Michael"], ["last_name", "Cincinato"], ["job_title", "Manager"], ["salary", 10000.0], ["notes", "Steals friends and poor attitude to work."], ["created_at", "2018-12-17 02:06:31.150330"], ["updated_at", "2018-12-17 02:06:31.150330"]]
  ↳ db/seeds.rb:18
  [1m[35m (0.4ms)[0m  [1m[35mCOMMIT[0m
  ↳ db/seeds.rb:18
  [1m[36mEmployee Load (0.3ms)[0m  [1m[34mSELECT "employees".* FROM "employees"[0m
  ↳ db/seeds.rb:20
Started GET "/" for 127.0.0.1 at 2018-12-17 13:09:12 +1100
  [1m[35m (1.8ms)[0m  [1m[34mSELECT "schema_migrations"."version" FROM "schema_migrations" ORDER BY "schema_migrations"."version" ASC[0m
  ↳ /Users/jonathanodlum/.rvm/gems/ruby-2.5.1/gems/activerecord-5.2.2/lib/active_record/log_subscriber.rb:98
Processing by Rails::WelcomeController#index as HTML
  Rendering /Users/jonathanodlum/.rvm/gems/ruby-2.5.1/gems/railties-5.2.2/lib/rails/templates/rails/welcome/index.html.erb
  Rendered /Users/jonathanodlum/.rvm/gems/ruby-2.5.1/gems/railties-5.2.2/lib/rails/templates/rails/welcome/index.html.erb (4.6ms)
Completed 200 OK in 21ms (Views: 16.7ms | ActiveRecord: 0.0ms)


Started GET "/" for 127.0.0.1 at 2018-12-17 13:09:51 +1100
Processing by EmployeesController#index as HTML
  Rendering employees/index.html.erb within layouts/application
  [1m[36mEmployee Load (102.7ms)[0m  [1m[34mSELECT "employees".* FROM "employees"[0m
  ↳ app/views/employees/index.html.erb:2
  Rendered employees/index.html.erb within layouts/application (138.7ms)
Completed 200 OK in 843ms (Views: 707.5ms | ActiveRecord: 111.5ms)


  [1m[35m (2.6ms)[0m  [1m[34mSELECT "schema_migrations"."version" FROM "schema_migrations" ORDER BY "schema_migrations"."version" ASC[0m
  ↳ bin/rails:4
  [1m[35m (0.4ms)[0m  [1m[34mSELECT "schema_migrations"."version" FROM "schema_migrations" ORDER BY "schema_migrations"."version" ASC[0m
  ↳ bin/rails:4
  [1m[35m (0.3ms)[0m  [1m[34mSELECT "schema_migrations"."version" FROM "schema_migrations" ORDER BY "schema_migrations"."version" ASC[0m
  ↳ bin/rails:4
  [1m[35m (0.2ms)[0m  [1m[34mSELECT pg_try_advisory_lock(1814774656776613980)[0m
  ↳ bin/rails:4
  [1m[35m (0.5ms)[0m  [1m[34mSELECT "schema_migrations"."version" FROM "schema_migrations" ORDER BY "schema_migrations"."version" ASC[0m
  ↳ bin/rails:4
Migrating to CreateEmployees (20181215032010)
  [1m[35m (0.1ms)[0m  [1m[35mBEGIN[0m
  ↳ bin/rails:4
  [1m[35m (20.4ms)[0m  [1m[35mDROP TABLE "employees"[0m
  ↳ bin/rails:4
  [1m[36mActiveRecord::SchemaMigration Destroy (5.9ms)[0m  [1m[31mDELETE FROM "schema_migrations" WHERE "schema_migrations"."version" = $1[0m  [["version", "20181215032010"]]
  ↳ bin/rails:4
  [1m[35m (4.4ms)[0m  [1m[35mCOMMIT[0m
  ↳ bin/rails:4
  [1m[35m (0.3ms)[0m  [1m[34mSELECT pg_advisory_unlock(1814774656776613980)[0m
  ↳ bin/rails:4
  [1m[35m (4.9ms)[0m  [1m[34mSELECT "schema_migrations"."version" FROM "schema_migrations" ORDER BY "schema_migrations"."version" ASC[0m
  ↳ bin/rails:4
  [1m[35m (0.2ms)[0m  [1m[34mSELECT pg_try_advisory_lock(1814774656776613980)[0m
  ↳ bin/rails:4
  [1m[35m (0.8ms)[0m  [1m[34mSELECT "schema_migrations"."version" FROM "schema_migrations" ORDER BY "schema_migrations"."version" ASC[0m
  ↳ bin/rails:4
Migrating to CreateEmployees (20181215032010)
  [1m[35m (0.4ms)[0m  [1m[34mSELECT pg_advisory_unlock(1814774656776613980)[0m
  ↳ bin/rails:4
  [1m[35m (0.2ms)[0m  [1m[34mSELECT pg_try_advisory_lock(1814774656776613980)[0m
  ↳ bin/rails:4
  [1m[35m (1.5ms)[0m  [1m[34mSELECT "schema_migrations"."version" FROM "schema_migrations" ORDER BY "schema_migrations"."version" ASC[0m
  ↳ bin/rails:4
Migrating to CreateEmployees (20181215032010)
  [1m[35m (0.5ms)[0m  [1m[34mSELECT pg_advisory_unlock(1814774656776613980)[0m
  ↳ bin/rails:4
  [1m[35m (0.2ms)[0m  [1m[34mSELECT pg_try_advisory_lock(1814774656776613980)[0m
  ↳ bin/rails:4
  [1m[35m (0.7ms)[0m  [1m[34mSELECT "schema_migrations"."version" FROM "schema_migrations" ORDER BY "schema_migrations"."version" ASC[0m
  ↳ bin/rails:4
Migrating to CreateEmployees (20181215032010)
  [1m[35m (0.2ms)[0m  [1m[35mBEGIN[0m
  ↳ bin/rails:4
  [1m[35m (22.9ms)[0m  [1m[35mCREATE TABLE "employees" ("id" bigserial primary key, "first_name" character varying(100), "last_name" character varying(100), "job_title" character varying(100), "salary" double precision, "notes" text, "created_at" timestamp NOT NULL, "updated_at" timestamp NOT NULL)[0m
  ↳ db/migrate/20181215032010_create_employees.rb:3
  [1m[36mActiveRecord::SchemaMigration Create (0.4ms)[0m  [1m[32mINSERT INTO "schema_migrations" ("version") VALUES ($1) RETURNING "version"[0m  [["version", "20181215032010"]]
  ↳ bin/rails:4
  [1m[35m (0.4ms)[0m  [1m[35mCOMMIT[0m
  ↳ bin/rails:4
  [1m[36mActiveRecord::InternalMetadata Load (0.9ms)[0m  [1m[34mSELECT  "ar_internal_metadata".* FROM "ar_internal_metadata" WHERE "ar_internal_metadata"."key" = $1 LIMIT $2[0m  [["key", "environment"], ["LIMIT", 1]]
  ↳ bin/rails:4
  [1m[35m (0.1ms)[0m  [1m[35mBEGIN[0m
  ↳ bin/rails:4
  [1m[35m (0.1ms)[0m  [1m[35mCOMMIT[0m
  ↳ bin/rails:4
  [1m[35m (0.2ms)[0m  [1m[34mSELECT pg_advisory_unlock(1814774656776613980)[0m
  ↳ bin/rails:4
  [1m[35m (0.2ms)[0m  [1m[34mSELECT "schema_migrations"."version" FROM "schema_migrations" ORDER BY "schema_migrations"."version" ASC[0m
  ↳ bin/rails:4
  [1m[35m (0.8ms)[0m  [1m[34mSELECT "schema_migrations"."version" FROM "schema_migrations" ORDER BY "schema_migrations"."version" ASC[0m
  ↳ bin/rails:4
  [1m[36mEmployee Load (0.7ms)[0m  [1m[34mSELECT "employees".* FROM "employees"[0m
  ↳ db/seeds.rb:10
  [1m[35m (0.1ms)[0m  [1m[35mBEGIN[0m
  ↳ db/seeds.rb:15
  [1m[36mEmployee Create (5.1ms)[0m  [1m[32mINSERT INTO "employees" ("first_name", "last_name", "job_title", "salary", "notes", "created_at", "updated_at") VALUES ($1, $2, $3, $4, $5, $6, $7) RETURNING "id"[0m  [["first_name", "Jonathan"], ["last_name", "Odlum"], ["job_title", "Junior Web Developer"], ["salary", 69999.99], ["notes", "best employee ever, should get a raise."], ["created_at", "2018-12-17 03:53:41.275376"], ["updated_at", "2018-12-17 03:53:41.275376"]]
  ↳ db/seeds.rb:15
  [1m[35m (0.4ms)[0m  [1m[35mCOMMIT[0m
  ↳ db/seeds.rb:15
  [1m[35m (0.1ms)[0m  [1m[35mBEGIN[0m
  ↳ db/seeds.rb:16
  [1m[36mEmployee Create (0.5ms)[0m  [1m[32mINSERT INTO "employees" ("first_name", "last_name", "job_title", "salary", "notes", "created_at", "updated_at") VALUES ($1, $2, $3, $4, $5, $6, $7) RETURNING "id"[0m  [["first_name", "Frank"], ["last_name", "Sinatra"], ["job_title", "Bard"], ["salary", 70000.0], ["notes", "Should always be paid more than Jonathan."], ["created_at", "2018-12-17 03:53:41.283542"], ["updated_at", "2018-12-17 03:53:41.283542"]]
  ↳ db/seeds.rb:16
  [1m[35m (0.3ms)[0m  [1m[35mCOMMIT[0m
  ↳ db/seeds.rb:16
  [1m[35m (0.2ms)[0m  [1m[35mBEGIN[0m
  ↳ db/seeds.rb:17
  [1m[36mEmployee Create (0.4ms)[0m  [1m[32mINSERT INTO "employees" ("first_name", "last_name", "job_title", "salary", "notes", "created_at", "updated_at") VALUES ($1, $2, $3, $4, $5, $6, $7) RETURNING "id"[0m  [["first_name", "Jonathon"], ["last_name", "Hearn"], ["job_title", "Schoolyard Bully"], ["salary", 50.0], ["notes", "Favourite tactic: windmill arms"], ["created_at", "2018-12-17 03:53:41.286351"], ["updated_at", "2018-12-17 03:53:41.286351"]]
  ↳ db/seeds.rb:17
  [1m[35m (0.3ms)[0m  [1m[35mCOMMIT[0m
  ↳ db/seeds.rb:17
  [1m[35m (0.1ms)[0m  [1m[35mBEGIN[0m
  ↳ db/seeds.rb:18
  [1m[36mEmployee Create (0.4ms)[0m  [1m[32mINSERT INTO "employees" ("first_name", "last_name", "job_title", "salary", "notes", "created_at", "updated_at") VALUES ($1, $2, $3, $4, $5, $6, $7) RETURNING "id"[0m  [["first_name", "Michael"], ["last_name", "Cincinato"], ["job_title", "Manager"], ["salary", 10000.0], ["notes", "Steals friends and poor attitude to work."], ["created_at", "2018-12-17 03:53:41.288735"], ["updated_at", "2018-12-17 03:53:41.288735"]]
  ↳ db/seeds.rb:18
  [1m[35m (0.3ms)[0m  [1m[35mCOMMIT[0m
  ↳ db/seeds.rb:18
  [1m[36mEmployee Load (0.3ms)[0m  [1m[34mSELECT "employees".* FROM "employees"[0m
  ↳ db/seeds.rb:20
  [1m[36mEmployee Load (7.3ms)[0m  [1m[34mSELECT "employees".* FROM "employees"[0m
Started GET "/" for 127.0.0.1 at 2018-12-17 15:02:22 +1100
  [1m[35m (1.6ms)[0m  [1m[34mSELECT "schema_migrations"."version" FROM "schema_migrations" ORDER BY "schema_migrations"."version" ASC[0m
  ↳ /Users/jonathanodlum/.rvm/gems/ruby-2.5.1/gems/activerecord-5.2.2/lib/active_record/log_subscriber.rb:98
Processing by EmployeesController#index as HTML
  Rendering employees/index.html.erb within layouts/application
  [1m[36mEmployee Load (1.7ms)[0m  [1m[34mSELECT "employees".* FROM "employees"[0m
  ↳ app/views/employees/index.html.erb:2
  Rendered employees/index.html.erb within layouts/application (27.0ms)
Completed 200 OK in 70ms (Views: 54.2ms | ActiveRecord: 9.4ms)


Started GET "/" for 127.0.0.1 at 2018-12-17 17:41:07 +1100
Processing by EmployeesController#index as HTML
  Rendering employees/index.html.erb within layouts/application
  [1m[36mEmployee Load (1.9ms)[0m  [1m[34mSELECT "employees".* FROM "employees"[0m
  ↳ app/views/employees/index.html.erb:4
  Rendered employees/index.html.erb within layouts/application (17.3ms)
Completed 200 OK in 74ms (Views: 61.1ms | ActiveRecord: 6.7ms)


Started GET "/" for 127.0.0.1 at 2018-12-17 17:41:27 +1100
Processing by EmployeesController#index as HTML
  Rendering employees/index.html.erb within layouts/application
  [1m[36mEmployee Load (0.7ms)[0m  [1m[34mSELECT "employees".* FROM "employees"[0m
  ↳ app/views/employees/index.html.erb:4
  Rendered employees/index.html.erb within layouts/application (3.0ms)
Completed 200 OK in 159ms (Views: 152.6ms | ActiveRecord: 0.7ms)


Started GET "/" for 127.0.0.1 at 2018-12-17 18:50:50 +1100
Processing by EmployeesController#index as HTML
  Rendering employees/index.html.erb within layouts/application
  [1m[36mEmployee Load (1.5ms)[0m  [1m[34mSELECT "employees".* FROM "employees"[0m
  ↳ app/views/employees/index.html.erb:4
  Rendered employees/index.html.erb within layouts/application (17.5ms)
Completed 200 OK in 101ms (Views: 88.4ms | ActiveRecord: 5.9ms)


Started GET "/" for 127.0.0.1 at 2018-12-17 18:51:40 +1100
Processing by EmployeesController#index as HTML
  Rendering employees/index.html.erb within layouts/application
  [1m[36mEmployee Load (0.9ms)[0m  [1m[34mSELECT "employees".* FROM "employees"[0m
  ↳ app/views/employees/index.html.erb:4
  Rendered employees/index.html.erb within layouts/application (2.7ms)
Completed 200 OK in 80ms (Views: 75.5ms | ActiveRecord: 0.9ms)


Started GET "/" for 127.0.0.1 at 2018-12-17 18:52:45 +1100
Processing by EmployeesController#index as HTML
  Rendering employees/index.html.erb within layouts/application
  [1m[36mEmployee Load (0.8ms)[0m  [1m[34mSELECT "employees".* FROM "employees"[0m
  ↳ app/views/employees/index.html.erb:4
  Rendered employees/index.html.erb within layouts/application (3.1ms)
Completed 200 OK in 66ms (Views: 62.9ms | ActiveRecord: 0.8ms)


Started GET "/" for 127.0.0.1 at 2018-12-17 18:58:16 +1100
Processing by EmployeesController#index as HTML
  Rendering employees/index.html.erb within layouts/application
  [1m[36mEmployee Load (1.9ms)[0m  [1m[34mSELECT "employees".* FROM "employees"[0m
  ↳ app/views/employees/index.html.erb:8
  Rendered employees/index.html.erb within layouts/application (16.9ms)
Completed 200 OK in 75ms (Views: 60.5ms | ActiveRecord: 6.3ms)


Started GET "/" for 127.0.0.1 at 2018-12-17 19:01:34 +1100
Processing by EmployeesController#index as HTML
  Rendering employees/index.html.erb within layouts/application
  [1m[36mEmployee Load (1.2ms)[0m  [1m[34mSELECT "employees".* FROM "employees"[0m
  ↳ app/views/employees/index.html.erb:10
  Rendered employees/index.html.erb within layouts/application (3.8ms)
Completed 200 OK in 64ms (Views: 60.1ms | ActiveRecord: 1.2ms)


Started GET "/" for 127.0.0.1 at 2018-12-17 19:01:50 +1100
Processing by EmployeesController#index as HTML
  Rendering employees/index.html.erb within layouts/application
  [1m[36mEmployee Load (0.4ms)[0m  [1m[34mSELECT "employees".* FROM "employees"[0m
  ↳ app/views/employees/index.html.erb:10
  Rendered employees/index.html.erb within layouts/application (2.4ms)
Completed 200 OK in 41ms (Views: 36.6ms | ActiveRecord: 0.4ms)


Started GET "/" for 127.0.0.1 at 2018-12-17 19:02:43 +1100
Processing by EmployeesController#index as HTML
  Rendering employees/index.html.erb within layouts/application
  [1m[36mEmployee Load (0.5ms)[0m  [1m[34mSELECT "employees".* FROM "employees"[0m
  ↳ app/views/employees/index.html.erb:10
  Rendered employees/index.html.erb within layouts/application (3.3ms)
Completed 200 OK in 109ms (Views: 105.9ms | ActiveRecord: 0.5ms)


Started GET "/" for 127.0.0.1 at 2018-12-17 19:03:14 +1100
Processing by EmployeesController#index as HTML
  Rendering employees/index.html.erb within layouts/application
  [1m[36mEmployee Load (14.1ms)[0m  [1m[34mSELECT "employees".* FROM "employees"[0m
  ↳ app/views/employees/index.html.erb:10
  Rendered employees/index.html.erb within layouts/application (16.2ms)
Completed 200 OK in 76ms (Views: 59.1ms | ActiveRecord: 14.1ms)


Started GET "/" for 127.0.0.1 at 2018-12-17 19:10:26 +1100
Processing by EmployeesController#index as HTML
  Rendering employees/index.html.erb within layouts/application
  [1m[36mEmployee Load (2.4ms)[0m  [1m[34mSELECT "employees".* FROM "employees"[0m
  ↳ app/views/employees/index.html.erb:10
  Rendered employees/index.html.erb within layouts/application (16.5ms)
Completed 200 OK in 82ms (Views: 68.6ms | ActiveRecord: 6.9ms)


Started GET "/" for 127.0.0.1 at 2018-12-17 19:10:31 +1100
Processing by EmployeesController#index as HTML
  Rendering employees/index.html.erb within layouts/application
  [1m[36mEmployee Load (1.4ms)[0m  [1m[34mSELECT "employees".* FROM "employees"[0m
  ↳ app/views/employees/index.html.erb:10
  Rendered employees/index.html.erb within layouts/application (4.3ms)
Completed 200 OK in 50ms (Views: 46.3ms | ActiveRecord: 1.4ms)


Started GET "/" for 127.0.0.1 at 2018-12-17 19:12:25 +1100
Processing by EmployeesController#index as HTML
  Rendering employees/index.html.erb within layouts/application
  [1m[36mEmployee Load (0.8ms)[0m  [1m[34mSELECT "employees".* FROM "employees"[0m
  ↳ app/views/employees/index.html.erb:10
  Rendered employees/index.html.erb within layouts/application (51.7ms)
Completed 500 Internal Server Error in 65ms (ActiveRecord: 0.8ms)


  
ActionView::Template::Error (undefined method `id' for nil:NilClass):
    14:     <td class="job-title"><%= employee.job_title %></td>
    15:     <td class="calls-to-action">
    16:       <a href="">Edit</a>
    17:       <%= link_to 'Delete',url_for(action: :delete,id: @user.id),method: :delete, data: {confirm: "Are you sure?"} %>
    18:     </td>
    19:   </tr>
    20: <% end %>
  
app/views/employees/index.html.erb:17:in `block in _app_views_employees_index_html_erb___2866416107255285601_70261623142220'
app/views/employees/index.html.erb:10:in `_app_views_employees_index_html_erb___2866416107255285601_70261623142220'
Started GET "/" for 127.0.0.1 at 2018-12-17 19:12:42 +1100
Processing by EmployeesController#index as HTML
  Rendering employees/index.html.erb within layouts/application
  [1m[36mEmployee Load (0.4ms)[0m  [1m[34mSELECT "employees".* FROM "employees"[0m
  ↳ app/views/employees/index.html.erb:10
  Rendered employees/index.html.erb within layouts/application (4.3ms)
Completed 500 Internal Server Error in 15ms (ActiveRecord: 0.4ms)


  
ActionView::Template::Error (undefined method `id' for nil:NilClass):
    14:     <td class="job-title"><%= employee.job_title %></td>
    15:     <td class="calls-to-action">
    16:       <a href="">Edit</a>
    17:       <%= link_to 'Delete',url_for(action: :delete,id: @employee.id),method: :delete, data: {confirm: "Are you sure?"} %>
    18:     </td>
    19:   </tr>
    20: <% end %>
  
app/views/employees/index.html.erb:17:in `block in _app_views_employees_index_html_erb___2866416107255285601_70261623865020'
app/views/employees/index.html.erb:10:in `_app_views_employees_index_html_erb___2866416107255285601_70261623865020'
Started GET "/" for 127.0.0.1 at 2018-12-17 19:13:27 +1100
Processing by EmployeesController#index as HTML
  Rendering employees/index.html.erb within layouts/application
  [1m[36mEmployee Load (0.3ms)[0m  [1m[34mSELECT "employees".* FROM "employees"[0m
  ↳ app/views/employees/index.html.erb:10
  Rendered employees/index.html.erb within layouts/application (4.0ms)
Completed 500 Internal Server Error in 12ms (ActiveRecord: 0.3ms)


  
ActionView::Template::Error (No route matches {:action=>"delete", :controller=>"employees", :id=>1}):
    14:     <td class="job-title"><%= employee.job_title %></td>
    15:     <td class="calls-to-action">
    16:       <a href="">Edit</a>
    17:       <%= link_to 'Delete',url_for(action: :delete,id: employee.id),method: :delete, data: {confirm: "Are you sure?"} %>
    18:     </td>
    19:   </tr>
    20: <% end %>
  
app/views/employees/index.html.erb:17:in `block in _app_views_employees_index_html_erb___2866416107255285601_70261578397720'
app/views/employees/index.html.erb:10:in `_app_views_employees_index_html_erb___2866416107255285601_70261578397720'
Started GET "/" for 127.0.0.1 at 2018-12-17 19:14:08 +1100
Processing by EmployeesController#index as HTML
  Rendering employees/index.html.erb within layouts/application
  [1m[36mEmployee Load (0.4ms)[0m  [1m[34mSELECT "employees".* FROM "employees"[0m
  ↳ app/views/employees/index.html.erb:10
  Rendered employees/index.html.erb within layouts/application (23.9ms)
Completed 500 Internal Server Error in 35ms (ActiveRecord: 9.4ms)


  
ActionView::Template::Error (No route matches {:action=>"delete", :controller=>"employees", :id=>1}):
    14:     <td class="job-title"><%= employee.job_title %></td>
    15:     <td class="calls-to-action">
    16:       <a href="">Edit</a>
    17:       <%= link_to 'Delete',url_for(action: :delete,id: employee.id),method: :delete, data: {confirm: "Are you sure?"} %>
    18:     </td>
    19:   </tr>
    20: <% end %>
  
app/views/employees/index.html.erb:17:in `block in _app_views_employees_index_html_erb___2866416107255285601_70261610708240'
app/views/employees/index.html.erb:10:in `_app_views_employees_index_html_erb___2866416107255285601_70261610708240'
Started GET "/rails/info/routes" for 127.0.0.1 at 2018-12-17 19:14:14 +1100
Processing by Rails::InfoController#routes as HTML
  Rendering /Users/jonathanodlum/.rvm/gems/ruby-2.5.1/gems/railties-5.2.2/lib/rails/templates/rails/info/routes.html.erb within layouts/application
  Rendered collection of /Users/jonathanodlum/.rvm/gems/ruby-2.5.1/gems/actionpack-5.2.2/lib/action_dispatch/middleware/templates/routes/_route.html.erb [14 times] (24.1ms)
  Rendered /Users/jonathanodlum/.rvm/gems/ruby-2.5.1/gems/actionpack-5.2.2/lib/action_dispatch/middleware/templates/routes/_table.html.erb (17.2ms)
  Rendered /Users/jonathanodlum/.rvm/gems/ruby-2.5.1/gems/railties-5.2.2/lib/rails/templates/rails/info/routes.html.erb within layouts/application (57.7ms)
Completed 200 OK in 88ms (Views: 75.4ms | ActiveRecord: 0.0ms)


Started GET "/rails/info/routes" for 127.0.0.1 at 2018-12-17 19:15:22 +1100
Processing by Rails::InfoController#routes as HTML
  Rendering /Users/jonathanodlum/.rvm/gems/ruby-2.5.1/gems/railties-5.2.2/lib/rails/templates/rails/info/routes.html.erb within layouts/application
  Rendered collection of /Users/jonathanodlum/.rvm/gems/ruby-2.5.1/gems/actionpack-5.2.2/lib/action_dispatch/middleware/templates/routes/_route.html.erb [14 times] (7.3ms)
  Rendered /Users/jonathanodlum/.rvm/gems/ruby-2.5.1/gems/actionpack-5.2.2/lib/action_dispatch/middleware/templates/routes/_table.html.erb (1.7ms)
  Rendered /Users/jonathanodlum/.rvm/gems/ruby-2.5.1/gems/railties-5.2.2/lib/rails/templates/rails/info/routes.html.erb within layouts/application (19.8ms)
Completed 200 OK in 44ms (Views: 36.0ms | ActiveRecord: 0.0ms)


Started GET "/rails/info/routes" for 127.0.0.1 at 2018-12-17 19:21:08 +1100
Processing by Rails::InfoController#routes as HTML
  Rendering /Users/jonathanodlum/.rvm/gems/ruby-2.5.1/gems/railties-5.2.2/lib/rails/templates/rails/info/routes.html.erb within layouts/application
  Rendered collection of /Users/jonathanodlum/.rvm/gems/ruby-2.5.1/gems/actionpack-5.2.2/lib/action_dispatch/middleware/templates/routes/_route.html.erb [14 times] (9.5ms)
  Rendered /Users/jonathanodlum/.rvm/gems/ruby-2.5.1/gems/actionpack-5.2.2/lib/action_dispatch/middleware/templates/routes/_table.html.erb (1.8ms)
  Rendered /Users/jonathanodlum/.rvm/gems/ruby-2.5.1/gems/railties-5.2.2/lib/rails/templates/rails/info/routes.html.erb within layouts/application (20.3ms)
Completed 200 OK in 35ms (Views: 29.9ms | ActiveRecord: 0.0ms)


Started GET "/rails/info/routes" for 127.0.0.1 at 2018-12-17 19:21:14 +1100
Processing by Rails::InfoController#routes as HTML
  Rendering /Users/jonathanodlum/.rvm/gems/ruby-2.5.1/gems/railties-5.2.2/lib/rails/templates/rails/info/routes.html.erb within layouts/application
  Rendered collection of /Users/jonathanodlum/.rvm/gems/ruby-2.5.1/gems/actionpack-5.2.2/lib/action_dispatch/middleware/templates/routes/_route.html.erb [14 times] (3.5ms)
  Rendered /Users/jonathanodlum/.rvm/gems/ruby-2.5.1/gems/actionpack-5.2.2/lib/action_dispatch/middleware/templates/routes/_table.html.erb (0.9ms)
  Rendered /Users/jonathanodlum/.rvm/gems/ruby-2.5.1/gems/railties-5.2.2/lib/rails/templates/rails/info/routes.html.erb within layouts/application (11.4ms)
Completed 200 OK in 32ms (Views: 25.6ms | ActiveRecord: 0.0ms)


Started GET "/rails/info/routes" for 127.0.0.1 at 2018-12-17 19:21:26 +1100
  [1m[35m (0.9ms)[0m  [1m[34mSELECT "schema_migrations"."version" FROM "schema_migrations" ORDER BY "schema_migrations"."version" ASC[0m
  ↳ /Users/jonathanodlum/.rvm/gems/ruby-2.5.1/gems/activerecord-5.2.2/lib/active_record/log_subscriber.rb:98
Processing by Rails::InfoController#routes as HTML
  Rendering /Users/jonathanodlum/.rvm/gems/ruby-2.5.1/gems/railties-5.2.2/lib/rails/templates/rails/info/routes.html.erb within layouts/application
  Rendered collection of /Users/jonathanodlum/.rvm/gems/ruby-2.5.1/gems/actionpack-5.2.2/lib/action_dispatch/middleware/templates/routes/_route.html.erb [14 times] (5.3ms)
  Rendered /Users/jonathanodlum/.rvm/gems/ruby-2.5.1/gems/actionpack-5.2.2/lib/action_dispatch/middleware/templates/routes/_table.html.erb (7.8ms)
  Rendered /Users/jonathanodlum/.rvm/gems/ruby-2.5.1/gems/railties-5.2.2/lib/rails/templates/rails/info/routes.html.erb within layouts/application (21.8ms)
Completed 200 OK in 38ms (Views: 33.1ms | ActiveRecord: 0.0ms)


Started GET "/rails/info/routes" for 127.0.0.1 at 2018-12-17 19:21:27 +1100
Processing by Rails::InfoController#routes as HTML
  Rendering /Users/jonathanodlum/.rvm/gems/ruby-2.5.1/gems/railties-5.2.2/lib/rails/templates/rails/info/routes.html.erb within layouts/application
  Rendered collection of /Users/jonathanodlum/.rvm/gems/ruby-2.5.1/gems/actionpack-5.2.2/lib/action_dispatch/middleware/templates/routes/_route.html.erb [14 times] (16.6ms)
  Rendered /Users/jonathanodlum/.rvm/gems/ruby-2.5.1/gems/actionpack-5.2.2/lib/action_dispatch/middleware/templates/routes/_table.html.erb (1.1ms)
  Rendered /Users/jonathanodlum/.rvm/gems/ruby-2.5.1/gems/railties-5.2.2/lib/rails/templates/rails/info/routes.html.erb within layouts/application (25.3ms)
Completed 200 OK in 44ms (Views: 37.1ms | ActiveRecord: 0.0ms)


Started GET "/" for 127.0.0.1 at 2018-12-17 19:22:45 +1100
Processing by EmployeesController#index as HTML
  Rendering employees/index.html.erb within layouts/application
  [1m[36mEmployee Load (1.3ms)[0m  [1m[34mSELECT "employees".* FROM "employees"[0m
  ↳ app/views/employees/index.html.erb:10
  Rendered employees/index.html.erb within layouts/application (20.3ms)
Completed 200 OK in 264ms (Views: 249.3ms | ActiveRecord: 10.2ms)


Started GET "/" for 127.0.0.1 at 2018-12-17 19:22:52 +1100
Processing by EmployeesController#index as HTML
  Rendering employees/index.html.erb within layouts/application
  [1m[36mEmployee Load (2.0ms)[0m  [1m[34mSELECT "employees".* FROM "employees"[0m
  ↳ app/views/employees/index.html.erb:10
  Rendered employees/index.html.erb within layouts/application (20.9ms)
Completed 500 Internal Server Error in 32ms (ActiveRecord: 12.8ms)


  
ActionView::Template::Error (No route matches {:action=>"delete", :controller=>"employees", :id=>1}):
    14:     <td class="job-title"><%= employee.job_title %></td>
    15:     <td class="calls-to-action">
    16:       <a href="">Edit</a>
    17:       <%= link_to 'Delete',url_for(action: :delete, id: employee.id),method: :delete, data: {confirm: "Are you sure?"} %>
    18:     </td>
    19:   </tr>
    20: <% end %>
  
app/views/employees/index.html.erb:17:in `block in _app_views_employees_index_html_erb__3688267350672194529_70103307551620'
app/views/employees/index.html.erb:10:in `_app_views_employees_index_html_erb__3688267350672194529_70103307551620'
Started GET "/" for 127.0.0.1 at 2018-12-17 19:23:15 +1100
Processing by EmployeesController#index as HTML
  Rendering employees/index.html.erb within layouts/application
  [1m[36mEmployee Load (28.0ms)[0m  [1m[34mSELECT "employees".* FROM "employees"[0m
  ↳ app/views/employees/index.html.erb:10
  Rendered employees/index.html.erb within layouts/application (31.1ms)
Completed 200 OK in 71ms (Views: 40.3ms | ActiveRecord: 28.0ms)


Started DELETE "/employees/1" for 127.0.0.1 at 2018-12-17 19:23:19 +1100
Processing by EmployeesController#destroy as HTML
  Parameters: {"authenticity_token"=>"Giy/muW2fsfivjylXZNxmz6kVH9y+hx4EhsaixsZeUIi+ThEbsPCMMtPMT1hJUF8w6caK76c/InCvsTiTLQZVg==", "id"=>"1"}
  Rendering employees/destroy.html.erb within layouts/application
  Rendered employees/destroy.html.erb within layouts/application (0.4ms)
Completed 200 OK in 25ms (Views: 22.3ms | ActiveRecord: 0.0ms)


Started DELETE "/employees/1" for 127.0.0.1 at 2018-12-17 19:24:21 +1100
Processing by EmployeesController#destroy as HTML
  Parameters: {"authenticity_token"=>"Giy/muW2fsfivjylXZNxmz6kVH9y+hx4EhsaixsZeUIi+ThEbsPCMMtPMT1hJUF8w6caK76c/InCvsTiTLQZVg==", "id"=>"1"}
  Rendering employees/destroy.html.erb within layouts/application
  Rendered employees/destroy.html.erb within layouts/application (0.4ms)
Completed 200 OK in 26ms (Views: 24.4ms | ActiveRecord: 0.0ms)


Started DELETE "/employees/4" for 127.0.0.1 at 2018-12-17 19:24:26 +1100
Processing by EmployeesController#destroy as HTML
  Parameters: {"authenticity_token"=>"Giy/muW2fsfivjylXZNxmz6kVH9y+hx4EhsaixsZeUIi+ThEbsPCMMtPMT1hJUF8w6caK76c/InCvsTiTLQZVg==", "id"=>"4"}
  Rendering employees/destroy.html.erb within layouts/application
  Rendered employees/destroy.html.erb within layouts/application (0.7ms)
Completed 200 OK in 29ms (Views: 27.1ms | ActiveRecord: 0.0ms)


Started DELETE "/employees/4" for 127.0.0.1 at 2018-12-17 19:24:58 +1100
Processing by EmployeesController#destroy as HTML
  Parameters: {"authenticity_token"=>"Giy/muW2fsfivjylXZNxmz6kVH9y+hx4EhsaixsZeUIi+ThEbsPCMMtPMT1hJUF8w6caK76c/InCvsTiTLQZVg==", "id"=>"4"}
  [1m[36mEmployee Load (0.4ms)[0m  [1m[34mSELECT  "employees".* FROM "employees" WHERE "employees"."id" = $1 LIMIT $2[0m  [["id", 4], ["LIMIT", 1]]
  ↳ app/controllers/employees_controller.rb:26
Redirected to http://localhost:3000employees#index
Completed 302 Found in 23ms (ActiveRecord: 9.7ms)


Started DELETE "/employees/4" for 127.0.0.1 at 2018-12-17 19:25:04 +1100
Processing by EmployeesController#destroy as HTML
  Parameters: {"authenticity_token"=>"Giy/muW2fsfivjylXZNxmz6kVH9y+hx4EhsaixsZeUIi+ThEbsPCMMtPMT1hJUF8w6caK76c/InCvsTiTLQZVg==", "id"=>"4"}
  [1m[36mEmployee Load (0.6ms)[0m  [1m[34mSELECT  "employees".* FROM "employees" WHERE "employees"."id" = $1 LIMIT $2[0m  [["id", 4], ["LIMIT", 1]]
  ↳ app/controllers/employees_controller.rb:26
Redirected to http://localhost:3000employees#index
Completed 302 Found in 7ms (ActiveRecord: 0.6ms)


Started GET "/" for 127.0.0.1 at 2018-12-17 19:26:40 +1100
Processing by EmployeesController#index as HTML
  Rendering employees/index.html.erb within layouts/application
  [1m[36mEmployee Load (0.7ms)[0m  [1m[34mSELECT "employees".* FROM "employees"[0m
  ↳ app/views/employees/index.html.erb:10
  Rendered employees/index.html.erb within layouts/application (27.0ms)
Completed 200 OK in 81ms (Views: 66.0ms | ActiveRecord: 7.9ms)


Started DELETE "/employees/4" for 127.0.0.1 at 2018-12-17 19:26:43 +1100
Processing by EmployeesController#destroy as HTML
  Parameters: {"authenticity_token"=>"eH7uL8x7eMq7n4HRrsBIWCd0m+YEZGZh7tVm+/oboetAq2nxRw7EPZJujEmSdni/2nfVssgChpA+cLiSrbbB/w==", "id"=>"4"}
  [1m[36mEmployee Load (0.9ms)[0m  [1m[34mSELECT  "employees".* FROM "employees" WHERE "employees"."id" = $1 LIMIT $2[0m  [["id", 4], ["LIMIT", 1]]
  ↳ app/controllers/employees_controller.rb:26
  [1m[35m (0.4ms)[0m  [1m[35mBEGIN[0m
  ↳ app/controllers/employees_controller.rb:27
  [1m[36mEmployee Destroy (2.8ms)[0m  [1m[31mDELETE FROM "employees" WHERE "employees"."id" = $1[0m  [["id", 4]]
  ↳ app/controllers/employees_controller.rb:27
  [1m[35m (0.6ms)[0m  [1m[35mCOMMIT[0m
  ↳ app/controllers/employees_controller.rb:27
Redirected to http://localhost:3000/employees
Completed 302 Found in 14ms (ActiveRecord: 4.6ms)


Started GET "/employees" for 127.0.0.1 at 2018-12-17 19:26:43 +1100
Processing by EmployeesController#index as HTML
  Rendering employees/index.html.erb within layouts/application
  [1m[36mEmployee Load (0.4ms)[0m  [1m[34mSELECT "employees".* FROM "employees"[0m
  ↳ app/views/employees/index.html.erb:10
  Rendered employees/index.html.erb within layouts/application (3.2ms)
Completed 200 OK in 40ms (Views: 35.8ms | ActiveRecord: 0.4ms)


Started DELETE "/employees/2" for 127.0.0.1 at 2018-12-17 19:26:47 +1100
Processing by EmployeesController#destroy as HTML
  Parameters: {"authenticity_token"=>"Dq0yY5PiBNPdX3KJVkneO1ALUO0hACQNrd+CC6VZS5o2eLW9GJe4JPSufxFq/+7crQgeue1mxPx9elxi8vQrjg==", "id"=>"2"}
  [1m[36mEmployee Load (0.8ms)[0m  [1m[34mSELECT  "employees".* FROM "employees" WHERE "employees"."id" = $1 LIMIT $2[0m  [["id", 2], ["LIMIT", 1]]
  ↳ app/controllers/employees_controller.rb:26
  [1m[35m (1.3ms)[0m  [1m[35mBEGIN[0m
  ↳ app/controllers/employees_controller.rb:27
  [1m[36mEmployee Destroy (1.9ms)[0m  [1m[31mDELETE FROM "employees" WHERE "employees"."id" = $1[0m  [["id", 2]]
  ↳ app/controllers/employees_controller.rb:27
  [1m[35m (1.7ms)[0m  [1m[35mCOMMIT[0m
  ↳ app/controllers/employees_controller.rb:27
Redirected to http://localhost:3000/employees
Completed 302 Found in 10ms (ActiveRecord: 5.6ms)


Started GET "/employees" for 127.0.0.1 at 2018-12-17 19:26:47 +1100
Processing by EmployeesController#index as HTML
  Rendering employees/index.html.erb within layouts/application
  [1m[36mEmployee Load (0.4ms)[0m  [1m[34mSELECT "employees".* FROM "employees"[0m
  ↳ app/views/employees/index.html.erb:10
  Rendered employees/index.html.erb within layouts/application (3.0ms)
Completed 200 OK in 39ms (Views: 35.3ms | ActiveRecord: 0.4ms)


Started GET "/employees" for 127.0.0.1 at 2018-12-18 01:19:36 +1100
Processing by EmployeesController#index as HTML
  Rendering employees/index.html.erb within layouts/application
  [1m[36mEmployee Load (6.3ms)[0m  [1m[34mSELECT "employees".* FROM "employees"[0m
  ↳ app/views/employees/index.html.erb:10
  Rendered employees/index.html.erb within layouts/application (43.5ms)
Completed 200 OK in 118ms (Views: 94.0ms | ActiveRecord: 17.3ms)


Started GET "/" for 127.0.0.1 at 2018-12-18 01:19:38 +1100
Processing by EmployeesController#index as HTML
  Rendering employees/index.html.erb within layouts/application
  [1m[36mEmployee Load (1.3ms)[0m  [1m[34mSELECT "employees".* FROM "employees"[0m
  ↳ app/views/employees/index.html.erb:10
  Rendered employees/index.html.erb within layouts/application (4.8ms)
Completed 200 OK in 44ms (Views: 40.1ms | ActiveRecord: 1.3ms)


Started GET "/" for 127.0.0.1 at 2018-12-18 01:19:39 +1100
Processing by EmployeesController#index as HTML
  Rendering employees/index.html.erb within layouts/application
  [1m[36mEmployee Load (0.4ms)[0m  [1m[34mSELECT "employees".* FROM "employees"[0m
  ↳ app/views/employees/index.html.erb:10
  Rendered employees/index.html.erb within layouts/application (3.7ms)
Completed 200 OK in 39ms (Views: 34.8ms | ActiveRecord: 0.4ms)


Started GET "/" for 127.0.0.1 at 2018-12-18 01:20:12 +1100
Processing by EmployeesController#index as HTML
  Rendering employees/index.html.erb within layouts/application
  [1m[36mEmployee Load (0.5ms)[0m  [1m[34mSELECT "employees".* FROM "employees"[0m
  ↳ app/views/employees/index.html.erb:10
  Rendered employees/index.html.erb within layouts/application (3.9ms)
Completed 200 OK in 37ms (Views: 33.8ms | ActiveRecord: 0.5ms)


Started POST "/employees/1/edit" for 127.0.0.1 at 2018-12-18 01:20:13 +1100
  
ActionController::RoutingError (No route matches [POST] "/employees/1/edit"):
  
actionpack (5.2.2) lib/action_dispatch/middleware/debug_exceptions.rb:65:in `call'
web-console (3.7.0) lib/web_console/middleware.rb:135:in `call_app'
web-console (3.7.0) lib/web_console/middleware.rb:30:in `block in call'
web-console (3.7.0) lib/web_console/middleware.rb:20:in `catch'
web-console (3.7.0) lib/web_console/middleware.rb:20:in `call'
actionpack (5.2.2) lib/action_dispatch/middleware/show_exceptions.rb:33:in `call'
railties (5.2.2) lib/rails/rack/logger.rb:38:in `call_app'
railties (5.2.2) lib/rails/rack/logger.rb:26:in `block in call'
activesupport (5.2.2) lib/active_support/tagged_logging.rb:71:in `block in tagged'
activesupport (5.2.2) lib/active_support/tagged_logging.rb:28:in `tagged'
activesupport (5.2.2) lib/active_support/tagged_logging.rb:71:in `tagged'
railties (5.2.2) lib/rails/rack/logger.rb:26:in `call'
sprockets-rails (3.2.1) lib/sprockets/rails/quiet_assets.rb:13:in `call'
actionpack (5.2.2) lib/action_dispatch/middleware/remote_ip.rb:81:in `call'
actionpack (5.2.2) lib/action_dispatch/middleware/request_id.rb:27:in `call'
rack (2.0.6) lib/rack/method_override.rb:22:in `call'
rack (2.0.6) lib/rack/runtime.rb:22:in `call'
activesupport (5.2.2) lib/active_support/cache/strategy/local_cache_middleware.rb:29:in `call'
actionpack (5.2.2) lib/action_dispatch/middleware/executor.rb:14:in `call'
actionpack (5.2.2) lib/action_dispatch/middleware/static.rb:127:in `call'
rack (2.0.6) lib/rack/sendfile.rb:111:in `call'
railties (5.2.2) lib/rails/engine.rb:524:in `call'
puma (3.12.0) lib/puma/configuration.rb:225:in `call'
puma (3.12.0) lib/puma/server.rb:658:in `handle_request'
puma (3.12.0) lib/puma/server.rb:472:in `process_client'
puma (3.12.0) lib/puma/server.rb:332:in `block in run'
puma (3.12.0) lib/puma/thread_pool.rb:133:in `block in spawn_thread'
Started POST "/employees/1/edit" for 127.0.0.1 at 2018-12-18 01:22:00 +1100
  
ActionController::RoutingError (No route matches [POST] "/employees/1/edit"):
  
actionpack (5.2.2) lib/action_dispatch/middleware/debug_exceptions.rb:65:in `call'
web-console (3.7.0) lib/web_console/middleware.rb:135:in `call_app'
web-console (3.7.0) lib/web_console/middleware.rb:30:in `block in call'
web-console (3.7.0) lib/web_console/middleware.rb:20:in `catch'
web-console (3.7.0) lib/web_console/middleware.rb:20:in `call'
actionpack (5.2.2) lib/action_dispatch/middleware/show_exceptions.rb:33:in `call'
railties (5.2.2) lib/rails/rack/logger.rb:38:in `call_app'
railties (5.2.2) lib/rails/rack/logger.rb:26:in `block in call'
activesupport (5.2.2) lib/active_support/tagged_logging.rb:71:in `block in tagged'
activesupport (5.2.2) lib/active_support/tagged_logging.rb:28:in `tagged'
activesupport (5.2.2) lib/active_support/tagged_logging.rb:71:in `tagged'
railties (5.2.2) lib/rails/rack/logger.rb:26:in `call'
sprockets-rails (3.2.1) lib/sprockets/rails/quiet_assets.rb:13:in `call'
actionpack (5.2.2) lib/action_dispatch/middleware/remote_ip.rb:81:in `call'
actionpack (5.2.2) lib/action_dispatch/middleware/request_id.rb:27:in `call'
rack (2.0.6) lib/rack/method_override.rb:22:in `call'
rack (2.0.6) lib/rack/runtime.rb:22:in `call'
activesupport (5.2.2) lib/active_support/cache/strategy/local_cache_middleware.rb:29:in `call'
actionpack (5.2.2) lib/action_dispatch/middleware/executor.rb:14:in `call'
actionpack (5.2.2) lib/action_dispatch/middleware/static.rb:127:in `call'
rack (2.0.6) lib/rack/sendfile.rb:111:in `call'
railties (5.2.2) lib/rails/engine.rb:524:in `call'
puma (3.12.0) lib/puma/configuration.rb:225:in `call'
puma (3.12.0) lib/puma/server.rb:658:in `handle_request'
puma (3.12.0) lib/puma/server.rb:472:in `process_client'
puma (3.12.0) lib/puma/server.rb:332:in `block in run'
puma (3.12.0) lib/puma/thread_pool.rb:133:in `block in spawn_thread'
Started POST "/employees/1/edit" for 127.0.0.1 at 2018-12-18 01:22:04 +1100
  
ActionController::RoutingError (No route matches [POST] "/employees/1/edit"):
  
actionpack (5.2.2) lib/action_dispatch/middleware/debug_exceptions.rb:65:in `call'
web-console (3.7.0) lib/web_console/middleware.rb:135:in `call_app'
web-console (3.7.0) lib/web_console/middleware.rb:30:in `block in call'
web-console (3.7.0) lib/web_console/middleware.rb:20:in `catch'
web-console (3.7.0) lib/web_console/middleware.rb:20:in `call'
actionpack (5.2.2) lib/action_dispatch/middleware/show_exceptions.rb:33:in `call'
railties (5.2.2) lib/rails/rack/logger.rb:38:in `call_app'
railties (5.2.2) lib/rails/rack/logger.rb:26:in `block in call'
activesupport (5.2.2) lib/active_support/tagged_logging.rb:71:in `block in tagged'
activesupport (5.2.2) lib/active_support/tagged_logging.rb:28:in `tagged'
activesupport (5.2.2) lib/active_support/tagged_logging.rb:71:in `tagged'
railties (5.2.2) lib/rails/rack/logger.rb:26:in `call'
sprockets-rails (3.2.1) lib/sprockets/rails/quiet_assets.rb:13:in `call'
actionpack (5.2.2) lib/action_dispatch/middleware/remote_ip.rb:81:in `call'
actionpack (5.2.2) lib/action_dispatch/middleware/request_id.rb:27:in `call'
rack (2.0.6) lib/rack/method_override.rb:22:in `call'
rack (2.0.6) lib/rack/runtime.rb:22:in `call'
activesupport (5.2.2) lib/active_support/cache/strategy/local_cache_middleware.rb:29:in `call'
actionpack (5.2.2) lib/action_dispatch/middleware/executor.rb:14:in `call'
actionpack (5.2.2) lib/action_dispatch/middleware/static.rb:127:in `call'
rack (2.0.6) lib/rack/sendfile.rb:111:in `call'
railties (5.2.2) lib/rails/engine.rb:524:in `call'
puma (3.12.0) lib/puma/configuration.rb:225:in `call'
puma (3.12.0) lib/puma/server.rb:658:in `handle_request'
puma (3.12.0) lib/puma/server.rb:472:in `process_client'
puma (3.12.0) lib/puma/server.rb:332:in `block in run'
puma (3.12.0) lib/puma/thread_pool.rb:133:in `block in spawn_thread'
Started GET "/" for 127.0.0.1 at 2018-12-18 01:22:06 +1100
Processing by EmployeesController#index as HTML
  Rendering employees/index.html.erb within layouts/application
  [1m[36mEmployee Load (0.5ms)[0m  [1m[34mSELECT "employees".* FROM "employees"[0m
  ↳ app/views/employees/index.html.erb:10
  Rendered employees/index.html.erb within layouts/application (3.0ms)
Completed 200 OK in 37ms (Views: 33.8ms | ActiveRecord: 0.5ms)


Started GET "/employees/1/edit" for 127.0.0.1 at 2018-12-18 01:22:07 +1100
Processing by EmployeesController#edit as HTML
  Parameters: {"id"=>"1"}
  [1m[36mEmployee Load (1.2ms)[0m  [1m[34mSELECT  "employees".* FROM "employees" WHERE "employees"."id" = $1 LIMIT $2[0m  [["id", 1], ["LIMIT", 1]]
  ↳ app/controllers/employees_controller.rb:14
  Rendering employees/edit.html.erb within layouts/application
  Rendered employees/edit.html.erb within layouts/application (0.3ms)
Completed 200 OK in 37ms (Views: 24.6ms | ActiveRecord: 1.4ms)


Started GET "/" for 127.0.0.1 at 2018-12-18 01:24:21 +1100
Processing by EmployeesController#index as HTML
  Rendering employees/index.html.erb within layouts/application
  [1m[36mEmployee Load (0.9ms)[0m  [1m[34mSELECT "employees".* FROM "employees"[0m
  ↳ app/views/employees/index.html.erb:10
  Rendered employees/index.html.erb within layouts/application (29.4ms)
Completed 200 OK in 88ms (Views: 65.5ms | ActiveRecord: 17.4ms)


Started GET "/" for 127.0.0.1 at 2018-12-18 01:25:36 +1100
Processing by EmployeesController#index as HTML
  Rendering employees/index.html.erb within layouts/application
  [1m[36mEmployee Load (0.5ms)[0m  [1m[34mSELECT "employees".* FROM "employees"[0m
  ↳ app/views/employees/index.html.erb:10
  Rendered employees/index.html.erb within layouts/application (15.0ms)
Completed 200 OK in 145ms (Views: 141.9ms | ActiveRecord: 0.5ms)


Started GET "/" for 127.0.0.1 at 2018-12-18 01:28:16 +1100
Processing by EmployeesController#index as HTML
  Rendering employees/index.html.erb within layouts/application
  [1m[36mEmployee Load (0.5ms)[0m  [1m[34mSELECT "employees".* FROM "employees"[0m
  ↳ app/views/employees/index.html.erb:10
  Rendered employees/index.html.erb within layouts/application (3.5ms)
Completed 200 OK in 37ms (Views: 34.8ms | ActiveRecord: 0.5ms)


Started GET "/employees/new" for 127.0.0.1 at 2018-12-18 01:28:18 +1100
Processing by EmployeesController#new as HTML
  Rendering employees/new.html.erb within layouts/application
  Rendered employees/new.html.erb within layouts/application (0.4ms)
Completed 200 OK in 28ms (Views: 23.6ms | ActiveRecord: 0.0ms)


Started GET "/employees/new" for 127.0.0.1 at 2018-12-18 01:41:21 +1100
Processing by EmployeesController#new as HTML
  Rendering employees/new.html.erb within layouts/application
  Rendered employees/_form.html.erb (2.5ms)
  Rendered employees/new.html.erb within layouts/application (5.2ms)
Completed 500 Internal Server Error in 111ms (ActiveRecord: 72.2ms)


  
SyntaxError (/Users/jonathanodlum/Documents/code-tests/domain-mock-tech-test/app/views/employees/_form.html.erb:25: syntax error, unexpected keyword_ensure, expecting end-of-input
          ensure
          ^~~~~~):
  
app/views/employees/_form.html.erb:25: syntax error, unexpected keyword_ensure, expecting end-of-input
app/views/employees/new.html.erb:3:in `_app_views_employees_new_html_erb__1104484026685731570_70103315714140'
Started GET "/employees/new" for 127.0.0.1 at 2018-12-18 01:42:16 +1100
Processing by EmployeesController#new as HTML
  Rendering employees/new.html.erb within layouts/application
  Rendered employees/_form.html.erb (58.2ms)
  Rendered employees/new.html.erb within layouts/application (61.1ms)
Completed 200 OK in 103ms (Views: 100.5ms | ActiveRecord: 0.0ms)


Started GET "/employees/1/edit" for 127.0.0.1 at 2018-12-18 01:43:44 +1100
Processing by EmployeesController#edit as HTML
  Parameters: {"id"=>"1"}
  [1m[36mEmployee Load (1.0ms)[0m  [1m[34mSELECT  "employees".* FROM "employees" WHERE "employees"."id" = $1 LIMIT $2[0m  [["id", 1], ["LIMIT", 1]]
  ↳ app/controllers/employees_controller.rb:18
  Rendering employees/edit.html.erb within layouts/application
  Rendered employees/_form.html.erb (8.0ms)
  Rendered employees/edit.html.erb within layouts/application (12.7ms)
Completed 200 OK in 58ms (Views: 49.8ms | ActiveRecord: 1.3ms)


Started GET "/employees/new" for 127.0.0.1 at 2018-12-18 01:43:56 +1100
Processing by EmployeesController#new as HTML
  Rendering employees/new.html.erb within layouts/application
  Rendered employees/_form.html.erb (5.1ms)
  Rendered employees/new.html.erb within layouts/application (8.3ms)
Completed 200 OK in 59ms (Views: 56.4ms | ActiveRecord: 0.0ms)


Started POST "/employees" for 127.0.0.1 at 2018-12-18 01:44:10 +1100
Processing by EmployeesController#create as HTML
  Parameters: {"utf8"=>"✓", "authenticity_token"=>"cX/m4/od10QgWukuPzj2Gv6/fm1y0OS1vubuicIxqQFJqmE9cWhrswmr5LYDjsb9A7wwOb62BERuQzDglZzJFQ==", "employee"=>{"first_name"=>"Jonathan", "last_name"=>"Odlum", "job_title"=>"sleeper", "salary"=>"5", "notes"=>"weqwe"}, "commit"=>"Create Employee"}
  Rendering employees/create.html.erb within layouts/application
  Rendered employees/create.html.erb within layouts/application (0.4ms)
Completed 200 OK in 36ms (Views: 33.6ms | ActiveRecord: 0.0ms)


Started POST "/employees" for 127.0.0.1 at 2018-12-18 01:45:19 +1100
Processing by EmployeesController#create as HTML
  Parameters: {"utf8"=>"✓", "authenticity_token"=>"cX/m4/od10QgWukuPzj2Gv6/fm1y0OS1vubuicIxqQFJqmE9cWhrswmr5LYDjsb9A7wwOb62BERuQzDglZzJFQ==", "employee"=>{"first_name"=>"Jonathan", "last_name"=>"Odlum", "job_title"=>"sleeper", "salary"=>"5", "notes"=>"weqwe"}, "commit"=>"Create Employee"}
  [1m[35m (1.5ms)[0m  [1m[35mBEGIN[0m
  ↳ app/controllers/employees_controller.rb:14
  [1m[36mEmployee Create (17.4ms)[0m  [1m[32mINSERT INTO "employees" ("first_name", "last_name", "job_title", "salary", "notes", "created_at", "updated_at") VALUES ($1, $2, $3, $4, $5, $6, $7) RETURNING "id"[0m  [["first_name", "Jonathan"], ["last_name", "Odlum"], ["job_title", "sleeper"], ["salary", 5.0], ["notes", "weqwe"], ["created_at", "2018-12-17 14:45:20.021227"], ["updated_at", "2018-12-17 14:45:20.021227"]]
  ↳ app/controllers/employees_controller.rb:14
  [1m[35m (6.2ms)[0m  [1m[35mCOMMIT[0m
  ↳ app/controllers/employees_controller.rb:14
Redirected to http://localhost:3000/employees
Completed 302 Found in 47ms (ActiveRecord: 31.7ms)


Started GET "/employees" for 127.0.0.1 at 2018-12-18 01:45:20 +1100
Processing by EmployeesController#index as HTML
  Rendering employees/index.html.erb within layouts/application
  [1m[36mEmployee Load (0.4ms)[0m  [1m[34mSELECT "employees".* FROM "employees"[0m
  ↳ app/views/employees/index.html.erb:10
  Rendered employees/index.html.erb within layouts/application (3.2ms)
Completed 200 OK in 32ms (Views: 28.8ms | ActiveRecord: 0.4ms)


Started DELETE "/employees/5" for 127.0.0.1 at 2018-12-18 01:45:25 +1100
Processing by EmployeesController#destroy as HTML
  Parameters: {"authenticity_token"=>"ymDAGqQLp1LSpsb0LiJF2KxE9bg7Wu7+eScDNllkhxbytUfEL34bpftXy2wSlHU/UUe77Pc8Dg+pgt1fDsnnAg==", "id"=>"5"}
  [1m[36mEmployee Load (1.5ms)[0m  [1m[34mSELECT  "employees".* FROM "employees" WHERE "employees"."id" = $1 LIMIT $2[0m  [["id", 5], ["LIMIT", 1]]
  ↳ app/controllers/employees_controller.rb:31
  [1m[35m (0.3ms)[0m  [1m[35mBEGIN[0m
  ↳ app/controllers/employees_controller.rb:32
  [1m[36mEmployee Destroy (3.5ms)[0m  [1m[31mDELETE FROM "employees" WHERE "employees"."id" = $1[0m  [["id", 5]]
  ↳ app/controllers/employees_controller.rb:32
  [1m[35m (1.2ms)[0m  [1m[35mCOMMIT[0m
  ↳ app/controllers/employees_controller.rb:32
Redirected to http://localhost:3000/employees
Completed 302 Found in 11ms (ActiveRecord: 6.4ms)


Started GET "/employees" for 127.0.0.1 at 2018-12-18 01:45:25 +1100
Processing by EmployeesController#index as HTML
  Rendering employees/index.html.erb within layouts/application
  [1m[36mEmployee Load (0.4ms)[0m  [1m[34mSELECT "employees".* FROM "employees"[0m
  ↳ app/views/employees/index.html.erb:10
  Rendered employees/index.html.erb within layouts/application (2.1ms)
Completed 200 OK in 21ms (Views: 18.6ms | ActiveRecord: 0.4ms)


